<?xml version="1.0" encoding="UTF-8"?>
<testsuite xmlns:xsi="http://www.w3.org/2001/XMLSchema-instance" xsi:noNamespaceSchemaLocation="https://maven.apache.org/surefire/maven-surefire-plugin/xsd/surefire-test-report-3.0.xsd" version="3.0" name="com.hsbc.transaction.controller.TransactionControllerIntegrationTest" time="6.764" tests="12" errors="0" skipped="0" failures="0">
  <properties>
[...]
</properties>
  <testcase name="getRecentTransactions_ReturnsOk" classname="com.hsbc.transaction.controller.TransactionControllerIntegrationTest" time="0.755">
    <system-out><![CDATA[15:04:14.375 [main] INFO org.springframework.test.context.support.AnnotationConfigContextLoaderUtils -- Could not detect default configuration classes for test class [com.hsbc.transaction.controller.TransactionControllerIntegrationTest]: TransactionControllerIntegrationTest does not declare any static, non-private, non-final, nested classes annotated with @Configuration.
15:04:14.528 [main] INFO org.springframework.boot.test.context.SpringBootTestContextBootstrapper -- Found @SpringBootConfiguration com.hsbc.transaction.TransactionManagementApplication for test class com.hsbc.transaction.controller.TransactionControllerIntegrationTest

  .   ____          _            __ _ _
 /\\ / ___'_ __ _ _(_)_ __  __ _ \ \ \ \
( ( )\___ | '_ | '_| | '_ \/ _` | \ \ \ \
 \\/  ___)| |_)| | | | | || (_| |  ) ) ) )
  '  |____| .__|_| |_|_| |_\__, | / / / /
 =========|_|==============|___/=/_/_/_/
 :: Spring Boot ::                (v3.2.0)

2025-09-03T15:04:14.951+08:00  INFO 79943 --- [transaction-management-system] [           main] t.c.TransactionControllerIntegrationTest : Starting TransactionControllerIntegrationTest using Java 17.0.16 with PID 79943 (started by yishang.gys in /Users/yishang.gys/IdeaProjects/hsbc)
2025-09-03T15:04:14.954+08:00  INFO 79943 --- [transaction-management-system] [           main] t.c.TransactionControllerIntegrationTest : The following 1 profile is active: "test"
2025-09-03T15:04:15.858+08:00  INFO 79943 --- [transaction-management-system] [           main] .s.d.r.c.RepositoryConfigurationDelegate : Bootstrapping Spring Data JPA repositories in DEFAULT mode.
2025-09-03T15:04:16.074+08:00  INFO 79943 --- [transaction-management-system] [           main] .s.d.r.c.RepositoryConfigurationDelegate : Finished Spring Data repository scanning in 205 ms. Found 1 JPA repository interface.
2025-09-03T15:04:16.581+08:00  INFO 79943 --- [transaction-management-system] [           main] o.hibernate.jpa.internal.util.LogHelper  : HHH000204: Processing PersistenceUnitInfo [name: default]
2025-09-03T15:04:16.642+08:00  INFO 79943 --- [transaction-management-system] [           main] org.hibernate.Version                    : HHH000412: Hibernate ORM core version 6.3.1.Final
2025-09-03T15:04:16.684+08:00  INFO 79943 --- [transaction-management-system] [           main] o.h.c.internal.RegionFactoryInitiator    : HHH000026: Second-level cache disabled
2025-09-03T15:04:16.931+08:00  INFO 79943 --- [transaction-management-system] [           main] o.s.o.j.p.SpringPersistenceUnitInfo      : No LoadTimeWeaver setup: ignoring JPA class transformer
2025-09-03T15:04:16.958+08:00  INFO 79943 --- [transaction-management-system] [           main] com.zaxxer.hikari.HikariDataSource       : HikariPool-1 - Starting...
2025-09-03T15:04:17.164+08:00  INFO 79943 --- [transaction-management-system] [           main] com.zaxxer.hikari.pool.HikariPool        : HikariPool-1 - Added connection conn0: url=jdbc:h2:mem:testdb user=SA
2025-09-03T15:04:17.165+08:00  INFO 79943 --- [transaction-management-system] [           main] com.zaxxer.hikari.HikariDataSource       : HikariPool-1 - Start completed.
2025-09-03T15:04:17.198+08:00  WARN 79943 --- [transaction-management-system] [           main] org.hibernate.orm.deprecation            : HHH90000025: H2Dialect does not need to be specified explicitly using 'hibernate.dialect' (remove the property setting and it will be selected by default)
2025-09-03T15:04:17.896+08:00  INFO 79943 --- [transaction-management-system] [           main] o.h.e.t.j.p.i.JtaPlatformInitiator       : HHH000489: No JTA platform available (set 'hibernate.transaction.jta.platform' to enable JTA platform integration)
2025-09-03T15:04:17.929+08:00  INFO 79943 --- [transaction-management-system] [           main] j.LocalContainerEntityManagerFactoryBean : Initialized JPA EntityManagerFactory for persistence unit 'default'
2025-09-03T15:04:18.246+08:00  INFO 79943 --- [transaction-management-system] [           main] o.s.d.j.r.query.QueryEnhancerFactory     : Hibernate is in classpath; If applicable, HQL parser will be used.
2025-09-03T15:04:19.009+08:00  WARN 79943 --- [transaction-management-system] [           main] JpaBaseConfiguration$JpaWebConfiguration : spring.jpa.open-in-view is enabled by default. Therefore, database queries may be performed during view rendering. Explicitly configure spring.jpa.open-in-view to disable this warning
2025-09-03T15:04:19.036+08:00  INFO 79943 --- [transaction-management-system] [           main] o.s.b.a.w.s.WelcomePageHandlerMapping    : Adding welcome page: class path resource [static/index.html]
2025-09-03T15:04:19.568+08:00  INFO 79943 --- [transaction-management-system] [           main] t.c.TransactionControllerIntegrationTest : Started TransactionControllerIntegrationTest in 4.885 seconds (process running for 5.877)
2025-09-03T15:04:20.362+08:00  INFO 79943 --- [transaction-management-system] [           main] o.s.b.t.m.w.SpringBootMockServletContext : Initializing Spring TestDispatcherServlet ''
2025-09-03T15:04:20.363+08:00  INFO 79943 --- [transaction-management-system] [           main] o.s.t.web.servlet.TestDispatcherServlet  : Initializing Servlet ''
2025-09-03T15:04:20.364+08:00  INFO 79943 --- [transaction-management-system] [           main] o.s.t.web.servlet.TestDispatcherServlet  : Completed initialization in 1 ms
]]></system-out>
  </testcase>
  <testcase name="searchTransactions_ReturnsOk" classname="com.hsbc.transaction.controller.TransactionControllerIntegrationTest" time="0.067">
    <system-out><![CDATA[2025-09-03T15:04:20.568+08:00  INFO 79943 --- [transaction-management-system] [           main] o.s.b.t.m.w.SpringBootMockServletContext : Initializing Spring TestDispatcherServlet ''
2025-09-03T15:04:20.568+08:00  INFO 79943 --- [transaction-management-system] [           main] o.s.t.web.servlet.TestDispatcherServlet  : Initializing Servlet ''
2025-09-03T15:04:20.569+08:00  INFO 79943 --- [transaction-management-system] [           main] o.s.t.web.servlet.TestDispatcherServlet  : Completed initialization in 1 ms
]]></system-out>
  </testcase>
  <testcase name="getTransactionsByType_ReturnsOk" classname="com.hsbc.transaction.controller.TransactionControllerIntegrationTest" time="0.018">
    <system-out><![CDATA[2025-09-03T15:04:20.635+08:00  INFO 79943 --- [transaction-management-system] [           main] o.s.b.t.m.w.SpringBootMockServletContext : Initializing Spring TestDispatcherServlet ''
2025-09-03T15:04:20.635+08:00  INFO 79943 --- [transaction-management-system] [           main] o.s.t.web.servlet.TestDispatcherServlet  : Initializing Servlet ''
2025-09-03T15:04:20.636+08:00  INFO 79943 --- [transaction-management-system] [           main] o.s.t.web.servlet.TestDispatcherServlet  : Completed initialization in 1 ms
]]></system-out>
  </testcase>
  <testcase name="updateTransaction_OnlyDescriptionAndNotesAreUpdatable" classname="com.hsbc.transaction.controller.TransactionControllerIntegrationTest" time="0.121">
    <system-out><![CDATA[2025-09-03T15:04:20.655+08:00  INFO 79943 --- [transaction-management-system] [           main] o.s.b.t.m.w.SpringBootMockServletContext : Initializing Spring TestDispatcherServlet ''
2025-09-03T15:04:20.656+08:00  INFO 79943 --- [transaction-management-system] [           main] o.s.t.web.servlet.TestDispatcherServlet  : Initializing Servlet ''
2025-09-03T15:04:20.658+08:00  INFO 79943 --- [transaction-management-system] [           main] o.s.t.web.servlet.TestDispatcherServlet  : Completed initialization in 1 ms
]]></system-out>
  </testcase>
  <testcase name="getAccountBalance_ReturnsOk" classname="com.hsbc.transaction.controller.TransactionControllerIntegrationTest" time="0.019">
    <system-out><![CDATA[2025-09-03T15:04:20.778+08:00  INFO 79943 --- [transaction-management-system] [           main] o.s.b.t.m.w.SpringBootMockServletContext : Initializing Spring TestDispatcherServlet ''
2025-09-03T15:04:20.778+08:00  INFO 79943 --- [transaction-management-system] [           main] o.s.t.web.servlet.TestDispatcherServlet  : Initializing Servlet ''
2025-09-03T15:04:20.779+08:00  INFO 79943 --- [transaction-management-system] [           main] o.s.t.web.servlet.TestDispatcherServlet  : Completed initialization in 1 ms
]]></system-out>
  </testcase>
  <testcase name="createTransaction_Success" classname="com.hsbc.transaction.controller.TransactionControllerIntegrationTest" time="0.013">
    <system-out><![CDATA[2025-09-03T15:04:20.797+08:00  INFO 79943 --- [transaction-management-system] [           main] o.s.b.t.m.w.SpringBootMockServletContext : Initializing Spring TestDispatcherServlet ''
2025-09-03T15:04:20.797+08:00  INFO 79943 --- [transaction-management-system] [           main] o.s.t.web.servlet.TestDispatcherServlet  : Initializing Servlet ''
2025-09-03T15:04:20.798+08:00  INFO 79943 --- [transaction-management-system] [           main] o.s.t.web.servlet.TestDispatcherServlet  : Completed initialization in 1 ms
]]></system-out>
  </testcase>
  <testcase name="getTransactionById_NotFound_ReturnsNotFound" classname="com.hsbc.transaction.controller.TransactionControllerIntegrationTest" time="0.021">
    <system-out><![CDATA[2025-09-03T15:04:20.810+08:00  INFO 79943 --- [transaction-management-system] [           main] o.s.b.t.m.w.SpringBootMockServletContext : Initializing Spring TestDispatcherServlet ''
2025-09-03T15:04:20.810+08:00  INFO 79943 --- [transaction-management-system] [           main] o.s.t.web.servlet.TestDispatcherServlet  : Initializing Servlet ''
2025-09-03T15:04:20.811+08:00  INFO 79943 --- [transaction-management-system] [           main] o.s.t.web.servlet.TestDispatcherServlet  : Completed initialization in 1 ms
]]></system-out>
  </testcase>
  <testcase name="getTransactionsByAccount_ReturnsOk" classname="com.hsbc.transaction.controller.TransactionControllerIntegrationTest" time="0.017">
    <system-out><![CDATA[2025-09-03T15:04:20.833+08:00  INFO 79943 --- [transaction-management-system] [           main] o.s.b.t.m.w.SpringBootMockServletContext : Initializing Spring TestDispatcherServlet ''
2025-09-03T15:04:20.833+08:00  INFO 79943 --- [transaction-management-system] [           main] o.s.t.web.servlet.TestDispatcherServlet  : Initializing Servlet ''
2025-09-03T15:04:20.834+08:00  INFO 79943 --- [transaction-management-system] [           main] o.s.t.web.servlet.TestDispatcherServlet  : Completed initialization in 1 ms
]]></system-out>
  </testcase>
  <testcase name="contextLoads" classname="com.hsbc.transaction.controller.TransactionControllerIntegrationTest" time="0.01"/>
  <testcase name="createTransaction_InvalidRequest_ReturnsBadRequest" classname="com.hsbc.transaction.controller.TransactionControllerIntegrationTest" time="0.035">
    <system-out><![CDATA[2025-09-03T15:04:20.863+08:00  INFO 79943 --- [transaction-management-system] [           main] o.s.b.t.m.w.SpringBootMockServletContext : Initializing Spring TestDispatcherServlet ''
2025-09-03T15:04:20.864+08:00  INFO 79943 --- [transaction-management-system] [           main] o.s.t.web.servlet.TestDispatcherServlet  : Initializing Servlet ''
2025-09-03T15:04:20.865+08:00  INFO 79943 --- [transaction-management-system] [           main] o.s.t.web.servlet.TestDispatcherServlet  : Completed initialization in 1 ms
]]></system-out>
  </testcase>
  <testcase name="getTransactionTypes_ReturnsOk" classname="com.hsbc.transaction.controller.TransactionControllerIntegrationTest" time="0.016">
    <system-out><![CDATA[2025-09-03T15:04:20.900+08:00  INFO 79943 --- [transaction-management-system] [           main] o.s.b.t.m.w.SpringBootMockServletContext : Initializing Spring TestDispatcherServlet ''
2025-09-03T15:04:20.900+08:00  INFO 79943 --- [transaction-management-system] [           main] o.s.t.web.servlet.TestDispatcherServlet  : Initializing Servlet ''
2025-09-03T15:04:20.901+08:00  INFO 79943 --- [transaction-management-system] [           main] o.s.t.web.servlet.TestDispatcherServlet  : Completed initialization in 1 ms
]]></system-out>
  </testcase>
  <testcase name="getAllTransactions_ReturnsOk" classname="com.hsbc.transaction.controller.TransactionControllerIntegrationTest" time="0.027">
    <system-out><![CDATA[2025-09-03T15:04:20.917+08:00  INFO 79943 --- [transaction-management-system] [           main] o.s.b.t.m.w.SpringBootMockServletContext : Initializing Spring TestDispatcherServlet ''
2025-09-03T15:04:20.917+08:00  INFO 79943 --- [transaction-management-system] [           main] o.s.t.web.servlet.TestDispatcherServlet  : Initializing Servlet ''
2025-09-03T15:04:20.920+08:00  INFO 79943 --- [transaction-management-system] [           main] o.s.t.web.servlet.TestDispatcherServlet  : Completed initialization in 2 ms
]]></system-out>
  </testcase>
</testsuite>